<?xml version="1.0" encoding="UTF-8"?>
<testsuite name="com.example.aicat.CatMemoryTest" tests="11" skipped="0" failures="0" errors="0" timestamp="2026-09-13T04:51:49.488Z" hostname="MeizhendeMacBook-Air.local" time="0.01">
  <properties/>
  <testcase name="an unchanged fact keeps its old timestamp so eviction stays fair" classname="com.example.aicat.CatMemoryTest" time="0.002"/>
  <testcase name="parse returns null on garbage so the old memory survives" classname="com.example.aicat.CatMemoryTest" time="0.002"/>
  <testcase name="same key overwrites instead of piling up" classname="com.example.aicat.CatMemoryTest" time="0.0"/>
  <testcase name="over the cap the least recently updated unpinned fact is dropped" classname="com.example.aicat.CatMemoryTest" time="0.002"/>
  <testcase name="forget removes a fact but never a pinned one" classname="com.example.aicat.CatMemoryTest" time="0.002"/>
  <testcase name="parse accepts plain json, fenced json and chinese category labels" classname="com.example.aicat.CatMemoryTest" time="0.001"/>
  <testcase name="render groups by category and is empty without facts" classname="com.example.aicat.CatMemoryTest" time="0.001"/>
  <testcase name="upsert clamps runaway values instead of rejecting them" classname="com.example.aicat.CatMemoryTest" time="0.0"/>
  <testcase name="upsert renames a key without leaving the old one behind" classname="com.example.aicat.CatMemoryTest" time="0.0"/>
  <testcase name="an unknown category falls back instead of dropping the fact" classname="com.example.aicat.CatMemoryTest" time="0.0"/>
  <testcase name="merge adds new facts and keeps the ones the model did not mention" classname="com.example.aicat.CatMemoryTest" time="0.0"/>
  <system-out><![CDATA[]]></system-out>
  <system-err><![CDATA[]]></system-err>
</testsuite>
