<?xml version="1.0" encoding="UTF-8"?>
<testsuite name="com.example.aicat.ContextAssemblerTest" tests="10" skipped="0" failures="0" errors="0" timestamp="2026-09-13T04:51:49.526Z" hostname="MeizhendeMacBook-Air.local" time="0.005">
  <properties/>
  <testcase name="over budget the oldest turns are dropped whole" classname="com.example.aicat.ContextAssemblerTest" time="0.0"/>
  <testcase name="local error messages never reach the wire" classname="com.example.aicat.ContextAssemblerTest" time="0.001"/>
  <testcase name="assembly starts with the system message and never with an assistant turn" classname="com.example.aicat.ContextAssemblerTest" time="0.0"/>
  <testcase name="the ambient block eats into the history budget" classname="com.example.aicat.ContextAssemblerTest" time="0.0"/>
  <testcase name="extra blocks join the system prompt only when present" classname="com.example.aicat.ContextAssemblerTest" time="0.0"/>
  <testcase name="the model name can carry the context window" classname="com.example.aicat.ContextAssemblerTest" time="0.003"/>
  <testcase name="the last turn survives even when it alone blows the budget" classname="com.example.aicat.ContextAssemblerTest" time="0.0"/>
  <testcase name="budget leaves room for the reply and never goes negative" classname="com.example.aicat.ContextAssemblerTest" time="0.001"/>
  <testcase name="chinese text costs more tokens than the same length of ascii" classname="com.example.aicat.ContextAssemblerTest" time="0.0"/>
  <testcase name="stable blocks come before volatile ones so the cached prefix survives" classname="com.example.aicat.ContextAssemblerTest" time="0.0"/>
  <system-out><![CDATA[]]></system-out>
  <system-err><![CDATA[]]></system-err>
</testsuite>
