<?xml version="1.0" encoding="UTF-8"?>
<testsuite name="com.example.aicat.CatMemoryStoreTest" tests="2" skipped="0" failures="0" errors="0" timestamp="2026-09-13T04:51:49.454Z" hostname="MeizhendeMacBook-Air.local" time="0.032">
  <properties/>
  <testcase name="memory survives a save and load round trip" classname="com.example.aicat.CatMemoryStoreTest" time="0.028"/>
  <testcase name="an unreadable file reads as empty memory instead of crashing" classname="com.example.aicat.CatMemoryStoreTest" time="0.001"/>
  <system-out><![CDATA[]]></system-out>
  <system-err><![CDATA[]]></system-err>
</testsuite>
