<?xml version="1.0" encoding="UTF-8"?>
<testsuite name="ChatLogStoreTest[jvm]" tests="7" skipped="0" failures="0" errors="0" timestamp="2026-09-19T07:20:21.869Z" hostname="MeizhendeMacBook-Air.local" time="0.018">
  <properties/>
  <testcase name="clear empties the log[jvm]" classname="com.codingcow.ikitty.ChatLogStoreTest" time="0.001"/>
  <testcase name="readAfter returns only what is past the cursor[jvm]" classname="com.codingcow.ikitty.ChatLogStoreTest" time="0.004"/>
  <testcase name="tail returns only the newest entries[jvm]" classname="com.codingcow.ikitty.ChatLogStoreTest" time="0.006"/>
  <testcase name="append then tail round trips a message[jvm]" classname="com.codingcow.ikitty.ChatLogStoreTest" time="0.001"/>
  <testcase name="a corrupt line does not take the rest of the log down[jvm]" classname="com.codingcow.ikitty.ChatLogStoreTest" time="0.001"/>
  <testcase name="reading across block boundaries does not corrupt chinese text[jvm]" classname="com.codingcow.ikitty.ChatLogStoreTest" time="0.005"/>
  <testcase name="the log lives at the canonical path[jvm]" classname="com.codingcow.ikitty.ChatLogStoreTest" time="0.0"/>
  <system-out><![CDATA[]]></system-out>
  <system-err><![CDATA[]]></system-err>
</testsuite>
