<?xml version="1.0" encoding="UTF-8"?>
<testsuite name="SettingsRepositoryTest[jvm]" tests="8" skipped="0" failures="0" errors="0" timestamp="2026-09-19T07:23:49.810Z" hostname="MeizhendeMacBook-Air.local" time="0.007">
  <properties/>
  <testcase name="a missing provider id is inferred from the base url[jvm]" classname="com.codingcow.ikitty.SettingsRepositoryTest" time="0.003"/>
  <testcase name="an unknown base url falls back to the custom provider[jvm]" classname="com.codingcow.ikitty.SettingsRepositoryTest" time="0.001"/>
  <testcase name="settings are written under the canonical key names[jvm]" classname="com.codingcow.ikitty.SettingsRepositoryTest" time="0.001"/>
  <testcase name="an empty store yields the built-in defaults[jvm]" classname="com.codingcow.ikitty.SettingsRepositoryTest" time="0.0"/>
  <testcase name="an unrecognised enum name falls back instead of throwing[jvm]" classname="com.codingcow.ikitty.SettingsRepositoryTest" time="0.0"/>
  <testcase name="location can be turned off and stays off[jvm]" classname="com.codingcow.ikitty.SettingsRepositoryTest" time="0.0"/>
  <testcase name="persona survives a save and reload[jvm]" classname="com.codingcow.ikitty.SettingsRepositoryTest" time="0.001"/>
  <testcase name="config survives a save and reload[jvm]" classname="com.codingcow.ikitty.SettingsRepositoryTest" time="0.0"/>
  <system-out><![CDATA[]]></system-out>
  <system-err><![CDATA[]]></system-err>
</testsuite>
