<?xml version="1.0" encoding="UTF-8"?>
<testsuite name="CatMemoryStoreTest[jvm]" tests="4" skipped="0" failures="0" errors="0" timestamp="2026-09-19T07:20:21.852Z" hostname="MeizhendeMacBook-Air.local" time="0.013">
  <properties/>
  <testcase name="memory survives a save and load round trip[jvm]" classname="com.codingcow.ikitty.CatMemoryStoreTest" time="0.011"/>
  <testcase name="an unreadable file reads as empty memory instead of crashing[jvm]" classname="com.codingcow.ikitty.CatMemoryStoreTest" time="0.001"/>
  <testcase name="an absent file reads as empty memory[jvm]" classname="com.codingcow.ikitty.CatMemoryStoreTest" time="0.001"/>
  <testcase name="the memory file lives at the canonical path[jvm]" classname="com.codingcow.ikitty.CatMemoryStoreTest" time="0.0"/>
  <system-out><![CDATA[]]></system-out>
  <system-err><![CDATA[]]></system-err>
</testsuite>
