<?xml version="1.0" encoding="UTF-8"?>
<testsuite name="ApiClientTest[jvm]" tests="15" skipped="0" failures="0" errors="0" timestamp="2026-09-19T07:23:49.677Z" hostname="MeizhendeMacBook-Air.local" time="0.071">
  <properties/>
  <testcase name="http failures carry the provider detail and our hint[jvm]" classname="com.codingcow.ikitty.ApiClientTest" time="0.057"/>
  <testcase name="a non-json error body is shown truncated[jvm]" classname="com.codingcow.ikitty.ApiClientTest" time="0.001"/>
  <testcase name="a missing models endpoint is not an error[jvm]" classname="com.codingcow.ikitty.ApiClientTest" time="0.001"/>
  <testcase name="a transport failure becomes a network error message[jvm]" classname="com.codingcow.ikitty.ApiClientTest" time="0.001"/>
  <testcase name="a provider that ignores stream falls back to whole body parsing[jvm]" classname="com.codingcow.ikitty.ApiClientTest" time="0.002"/>
  <testcase name="reasoning stands in when content is empty[jvm]" classname="com.codingcow.ikitty.ApiClientTest" time="0.001"/>
  <testcase name="model list is parsed and sorted[jvm]" classname="com.codingcow.ikitty.ApiClientTest" time="0.001"/>
  <testcase name="the request carries a bearer token and a json content type[jvm]" classname="com.codingcow.ikitty.ApiClientTest" time="0.001"/>
  <testcase name="an empty stream is reported as no content[jvm]" classname="com.codingcow.ikitty.ApiClientTest" time="0.001"/>
  <testcase name="streaming accumulates deltas and reports each one[jvm]" classname="com.codingcow.ikitty.ApiClientTest" time="0.001"/>
  <testcase name="a blank api key sends no authorization header[jvm]" classname="com.codingcow.ikitty.ApiClientTest" time="0.001"/>
  <testcase name="test connection reports the model, endpoint and sent params[jvm]" classname="com.codingcow.ikitty.ApiClientTest" time="0.001"/>
  <testcase name="a normal completion is parsed with usage[jvm]" classname="com.codingcow.ikitty.ApiClientTest" time="0.001"/>
  <testcase name="unparseable sse lines are skipped instead of aborting the reply[jvm]" classname="com.codingcow.ikitty.ApiClientTest" time="0.001"/>
  <testcase name="streaming keeps reasoning separate from the reply[jvm]" classname="com.codingcow.ikitty.ApiClientTest" time="0.0"/>
  <system-out><![CDATA[]]></system-out>
  <system-err><![CDATA[]]></system-err>
</testsuite>
