<?xml version="1.0" encoding="UTF-8"?>
<testsuite name="ContextAssemblerTest[jvm]" tests="13" skipped="0" failures="0" errors="0" timestamp="2026-09-19T07:18:42.444Z" hostname="MeizhendeMacBook-Air.local" time="0.008">
  <properties/>
  <testcase name="images are resolved into the wire format[jvm]" classname="com.codingcow.ikitty.ContextAssemblerTest" time="0.001"/>
  <testcase name="over budget the oldest turns are dropped whole[jvm]" classname="com.codingcow.ikitty.ContextAssemblerTest" time="0.001"/>
  <testcase name="local error messages never reach the wire[jvm]" classname="com.codingcow.ikitty.ContextAssemblerTest" time="0.0"/>
  <testcase name="assembly starts with the system message and never with an assistant turn[jvm]" classname="com.codingcow.ikitty.ContextAssemblerTest" time="0.0"/>
  <testcase name="the ambient block eats into the history budget[jvm]" classname="com.codingcow.ikitty.ContextAssemblerTest" time="0.001"/>
  <testcase name="each image adds a fixed token cost[jvm]" classname="com.codingcow.ikitty.ContextAssemblerTest" time="0.0"/>
  <testcase name="extra blocks join the system prompt only when present[jvm]" classname="com.codingcow.ikitty.ContextAssemblerTest" time="0.0"/>
  <testcase name="the model name can carry the context window[jvm]" classname="com.codingcow.ikitty.ContextAssemblerTest" time="0.004"/>
  <testcase name="the last turn survives even when it alone blows the budget[jvm]" classname="com.codingcow.ikitty.ContextAssemblerTest" time="0.0"/>
  <testcase name="budget leaves room for the reply and never goes negative[jvm]" classname="com.codingcow.ikitty.ContextAssemblerTest" time="0.0"/>
  <testcase name="chinese text costs more tokens than the same length of ascii[jvm]" classname="com.codingcow.ikitty.ContextAssemblerTest" time="0.001"/>
  <testcase name="images eat into the history budget[jvm]" classname="com.codingcow.ikitty.ContextAssemblerTest" time="0.0"/>
  <testcase name="stable blocks come before volatile ones so the cached prefix survives[jvm]" classname="com.codingcow.ikitty.ContextAssemblerTest" time="0.0"/>
  <system-out><![CDATA[]]></system-out>
  <system-err><![CDATA[]]></system-err>
</testsuite>
