<?xml version="1.0" encoding="UTF-8"?>
<testsuite name="ModelCatalogTest[jvm]" tests="11" skipped="0" failures="0" errors="0" timestamp="2026-09-19T07:20:21.899Z" hostname="MeizhendeMacBook-Air.local" time="0.002">
  <properties/>
  <testcase name="deepseek-flash 可以调整思考深度[jvm]" classname="com.codingcow.ikitty.ModelCatalogTest" time="0.0"/>
  <testcase name="名称启发式把 glm-5 系列也认成 reasoning_effort[jvm]" classname="com.codingcow.ikitty.ModelCatalogTest" time="0.0"/>
  <testcase name="glm-5_3 改用 reasoning_effort 且窗口为 1M[jvm]" classname="com.codingcow.ikitty.ModelCatalogTest" time="0.0"/>
  <testcase name="应用默认使用 DeepSeek 的 deepseek-flash[jvm]" classname="com.codingcow.ikitty.ModelCatalogTest" time="0.0"/>
  <testcase name="参数格式化保留固定小数位[jvm]" classname="com.codingcow.ikitty.ModelCatalogTest" time="0.001"/>
  <testcase name="新增预设都有可用的 Base URL 并能反查回自己[jvm]" classname="com.codingcow.ikitty.ModelCatalogTest" time="0.0"/>
  <testcase name="Meta 的 Llama 经聚合平台与本地运行时接入[jvm]" classname="com.codingcow.ikitty.ModelCatalogTest" time="0.0"/>
  <testcase name="旧模型没有内置条目时仍然能解析出可用参数[jvm]" classname="com.codingcow.ikitty.ModelCatalogTest" time="0.0"/>
  <testcase name="预设清单覆盖表里的全部厂商[jvm]" classname="com.codingcow.ikitty.ModelCatalogTest" time="0.001"/>
  <testcase name="gpt-5_5 是推理模型，只发 reasoning_effort[jvm]" classname="com.codingcow.ikitty.ModelCatalogTest" time="0.0"/>
  <testcase name="每个预设的默认模型都有属于自己的内置能力表[jvm]" classname="com.codingcow.ikitty.ModelCatalogTest" time="0.0"/>
  <system-out><![CDATA[]]></system-out>
  <system-err><![CDATA[]]></system-err>
</testsuite>
