<?xml version="1.0" encoding="UTF-8"?>
<testsuite name="com.codingcow.ikitty.ChatLogStoreTest" tests="7" skipped="0" failures="0" errors="0" timestamp="2026-09-19T07:23:50.149Z" hostname="MeizhendeMacBook-Air.local" time="0.019">
  <properties/>
  <testcase name="clear empties the log" classname="com.codingcow.ikitty.ChatLogStoreTest" time="0.002"/>
  <testcase name="readAfter returns only what is past the cursor" classname="com.codingcow.ikitty.ChatLogStoreTest" time="0.002"/>
  <testcase name="tail returns only the newest entries" classname="com.codingcow.ikitty.ChatLogStoreTest" time="0.007"/>
  <testcase name="append then tail round trips a message" classname="com.codingcow.ikitty.ChatLogStoreTest" time="0.001"/>
  <testcase name="a corrupt line does not take the rest of the log down" classname="com.codingcow.ikitty.ChatLogStoreTest" time="0.001"/>
  <testcase name="reading across block boundaries does not corrupt chinese text" classname="com.codingcow.ikitty.ChatLogStoreTest" time="0.005"/>
  <testcase name="the log lives at the canonical path" classname="com.codingcow.ikitty.ChatLogStoreTest" time="0.001"/>
  <system-out><![CDATA[]]></system-out>
  <system-err><![CDATA[]]></system-err>
</testsuite>
