<?xml version="1.0" encoding="UTF-8"?>
<testsuite name="com.codingcow.ikitty.IpPlaceParseTest" tests="5" skipped="0" failures="0" errors="0" timestamp="2026-09-19T07:14:56.129Z" hostname="MeizhendeMacBook-Air.local" time="0.009">
  <properties/>
  <testcase name="parses the chinese ip-api response" classname="com.codingcow.ikitty.IpPlaceParseTest" time="0.007"/>
  <testcase name="failure responses and garbage are rejected instead of cached" classname="com.codingcow.ikitty.IpPlaceParseTest" time="0.002"/>
  <testcase name="parses the ipwho-is fallback shape" classname="com.codingcow.ikitty.IpPlaceParseTest" time="0.0"/>
  <testcase name="parses the ipapi-co fallback field names" classname="com.codingcow.ikitty.IpPlaceParseTest" time="0.0"/>
  <testcase name="a json null city does not become the string null" classname="com.codingcow.ikitty.IpPlaceParseTest" time="0.0"/>
  <system-out><![CDATA[]]></system-out>
  <system-err><![CDATA[]]></system-err>
</testsuite>
