<?xml version="1.0" encoding="UTF-8"?>
<testsuite name="com.codingcow.ikitty.ContextAssemblerTest" tests="13" skipped="0" failures="0" errors="0" timestamp="2026-09-19T07:20:22.207Z" hostname="MeizhendeMacBook-Air.local" time="0.004">
  <properties/>
  <testcase name="images are resolved into the wire format" classname="com.codingcow.ikitty.ContextAssemblerTest" time="0.001"/>
  <testcase name="over budget the oldest turns are dropped whole" classname="com.codingcow.ikitty.ContextAssemblerTest" time="0.0"/>
  <testcase name="local error messages never reach the wire" classname="com.codingcow.ikitty.ContextAssemblerTest" time="0.0"/>
  <testcase name="assembly starts with the system message and never with an assistant turn" classname="com.codingcow.ikitty.ContextAssemblerTest" time="0.001"/>
  <testcase name="the ambient block eats into the history budget" classname="com.codingcow.ikitty.ContextAssemblerTest" time="0.0"/>
  <testcase name="each image adds a fixed token cost" classname="com.codingcow.ikitty.ContextAssemblerTest" time="0.0"/>
  <testcase name="extra blocks join the system prompt only when present" classname="com.codingcow.ikitty.ContextAssemblerTest" time="0.0"/>
  <testcase name="the model name can carry the context window" classname="com.codingcow.ikitty.ContextAssemblerTest" time="0.001"/>
  <testcase name="the last turn survives even when it alone blows the budget" classname="com.codingcow.ikitty.ContextAssemblerTest" time="0.0"/>
  <testcase name="budget leaves room for the reply and never goes negative" classname="com.codingcow.ikitty.ContextAssemblerTest" time="0.0"/>
  <testcase name="chinese text costs more tokens than the same length of ascii" classname="com.codingcow.ikitty.ContextAssemblerTest" time="0.001"/>
  <testcase name="images eat into the history budget" classname="com.codingcow.ikitty.ContextAssemblerTest" time="0.0"/>
  <testcase name="stable blocks come before volatile ones so the cached prefix survives" classname="com.codingcow.ikitty.ContextAssemblerTest" time="0.0"/>
  <system-out><![CDATA[]]></system-out>
  <system-err><![CDATA[]]></system-err>
</testsuite>
