<?xml version="1.0" encoding="UTF-8"?>
<testsuite name="com.codingcow.ikitty.CatMemoryStoreTest" tests="4" skipped="0" failures="0" errors="0" timestamp="2026-09-19T07:20:22.172Z" hostname="MeizhendeMacBook-Air.local" time="0.012">
  <properties/>
  <testcase name="memory survives a save and load round trip" classname="com.codingcow.ikitty.CatMemoryStoreTest" time="0.01"/>
  <testcase name="an unreadable file reads as empty memory instead of crashing" classname="com.codingcow.ikitty.CatMemoryStoreTest" time="0.001"/>
  <testcase name="an absent file reads as empty memory" classname="com.codingcow.ikitty.CatMemoryStoreTest" time="0.0"/>
  <testcase name="the memory file lives at the canonical path" classname="com.codingcow.ikitty.CatMemoryStoreTest" time="0.001"/>
  <system-out><![CDATA[]]></system-out>
  <system-err><![CDATA[]]></system-err>
</testsuite>
