<?xml version="1.0" encoding="UTF-8"?>
<testsuite name="com.codingcow.ikitty.CatPersonaTest" tests="8" skipped="0" failures="0" errors="0" timestamp="2026-09-19T07:11:31.239Z" hostname="MeizhendeMacBook-Air.local" time="0.002">
  <properties/>
  <testcase name="human flavor drops cat greeting" classname="com.codingcow.ikitty.CatPersonaTest" time="0.001"/>
  <testcase name="only non-human flavors suggest cat actions" classname="com.codingcow.ikitty.CatPersonaTest" time="0.0"/>
  <testcase name="default prompt carries name, traits and json contract" classname="com.codingcow.ikitty.CatPersonaTest" time="0.0"/>
  <testcase name="enum lookup rejects unknown names" classname="com.codingcow.ikitty.CatPersonaTest" time="0.001"/>
  <testcase name="traits survive a storage round trip" classname="com.codingcow.ikitty.CatPersonaTest" time="0.0"/>
  <testcase name="notes are appended only when present" classname="com.codingcow.ikitty.CatPersonaTest" time="0.0"/>
  <testcase name="blank name falls back to default" classname="com.codingcow.ikitty.CatPersonaTest" time="0.0"/>
  <testcase name="traits render in declaration order and can be empty" classname="com.codingcow.ikitty.CatPersonaTest" time="0.0"/>
  <system-out><![CDATA[]]></system-out>
  <system-err><![CDATA[]]></system-err>
</testsuite>
